0 info it worked if it ends with ok
1 verbose cli [ '/usr/bin/node', '/usr/bin/npm', 'install', 'pti' ]
2 info using npm@2.15.1
3 info using node@v0.10.46
4 verbose node symlink /usr/bin/node
5 verbose install initial load of /home/eli/RCServer/package.json
6 warn package.json TPTServer@1.0.0 license should be a valid SPDX license expression
7 verbose installManyTop reading scoped package data from /home/eli/RCServer/node_modules/body-parser/package.json
8 verbose installManyTop reading scoped package data from /home/eli/RCServer/node_modules/cookie-parser/package.json
9 verbose installManyTop reading scoped package data from /home/eli/RCServer/node_modules/express/package.json
10 verbose installManyTop reading scoped package data from /home/eli/RCServer/node_modules/formidable/package.json
11 verbose installManyTop reading scoped package data from /home/eli/RCServer/node_modules/jade/package.json
12 verbose installManyTop reading scoped package data from /home/eli/RCServer/node_modules/md5/package.json
13 verbose installManyTop reading scoped package data from /home/eli/RCServer/node_modules/mkdirp/package.json
14 verbose installManyTop reading scoped package data from /home/eli/RCServer/node_modules/mongodb/package.json
15 verbose installManyTop reading scoped package data from /home/eli/RCServer/node_modules/rimraf/package.json
16 verbose installManyTop reading scoped package data from /home/eli/RCServer/node_modules/serve-favicon/package.json
17 verbose installManyTop reading scoped package data from /home/eli/RCServer/node_modules/validator/package.json
18 info package.json formidable@1.0.17 No license field.
19 verbose readDependencies loading dependencies from /home/eli/RCServer/package.json
20 silly cache add args [ 'pti', null ]
21 verbose cache add spec pti
22 silly cache add parsed spec { raw: 'pti',
22 silly cache add   scope: null,
22 silly cache add   name: 'pti',
22 silly cache add   rawSpec: '',
22 silly cache add   spec: 'latest',
22 silly cache add   type: 'tag' }
23 silly addNamed pti@latest
24 verbose addNamed "latest" is being treated as a dist-tag for pti
25 info addNameTag [ 'pti', 'latest' ]
26 silly mapToRegistry name pti
27 silly mapToRegistry using default registry
28 silly mapToRegistry registry https://registry.npmjs.org/
29 silly mapToRegistry data { raw: 'pti',
29 silly mapToRegistry   scope: null,
29 silly mapToRegistry   name: 'pti',
29 silly mapToRegistry   rawSpec: '',
29 silly mapToRegistry   spec: 'latest',
29 silly mapToRegistry   type: 'tag' }
30 silly mapToRegistry uri https://registry.npmjs.org/pti
31 verbose addNameTag registry:https://registry.npmjs.org/pti not in flight; fetching
32 verbose request uri https://registry.npmjs.org/pti
33 verbose request no auth needed
34 info attempt registry request try #1 at 18:33:45
35 verbose request id 9e6fe77f7db7fb97
36 http request GET https://registry.npmjs.org/pti
37 http 404 https://registry.npmjs.org/pti
38 verbose headers { 'content-type': 'application/json',
38 verbose headers   'cache-control': 'max-age=0',
38 verbose headers   'content-length': '2',
38 verbose headers   'accept-ranges': 'bytes',
38 verbose headers   date: 'Sat, 09 Jul 2016 00:33:44 GMT',
38 verbose headers   via: '1.1 varnish',
38 verbose headers   age: '0',
38 verbose headers   connection: 'keep-alive',
38 verbose headers   'x-served-by': 'cache-den6023-DEN',
38 verbose headers   'x-cache': 'MISS',
38 verbose headers   'x-cache-hits': '0',
38 verbose headers   'x-timer': 'S1468024424.927082,VS0,VE72',
38 verbose headers   vary: 'Accept-Encoding' }
39 silly get cb [ 404,
39 silly get   { 'content-type': 'application/json',
39 silly get     'cache-control': 'max-age=0',
39 silly get     'content-length': '2',
39 silly get     'accept-ranges': 'bytes',
39 silly get     date: 'Sat, 09 Jul 2016 00:33:44 GMT',
39 silly get     via: '1.1 varnish',
39 silly get     age: '0',
39 silly get     connection: 'keep-alive',
39 silly get     'x-served-by': 'cache-den6023-DEN',
39 silly get     'x-cache': 'MISS',
39 silly get     'x-cache-hits': '0',
39 silly get     'x-timer': 'S1468024424.927082,VS0,VE72',
39 silly get     vary: 'Accept-Encoding' } ]
40 verbose stack Error: Registry returned 404 for GET on https://registry.npmjs.org/pti
40 verbose stack     at makeError (/usr/lib/node_modules/npm/node_modules/npm-registry-client/lib/request.js:264:12)
40 verbose stack     at CachingRegistryClient.<anonymous> (/usr/lib/node_modules/npm/node_modules/npm-registry-client/lib/request.js:242:14)
40 verbose stack     at Request._callback (/usr/lib/node_modules/npm/node_modules/npm-registry-client/lib/request.js:172:14)
40 verbose stack     at Request.self.callback (/usr/lib/node_modules/npm/node_modules/request/request.js:199:22)
40 verbose stack     at Request.emit (events.js:98:17)
40 verbose stack     at Request.<anonymous> (/usr/lib/node_modules/npm/node_modules/request/request.js:1036:10)
40 verbose stack     at Request.emit (events.js:117:20)
40 verbose stack     at IncomingMessage.<anonymous> (/usr/lib/node_modules/npm/node_modules/request/request.js:963:12)
40 verbose stack     at IncomingMessage.emit (events.js:117:20)
40 verbose stack     at _stream_readable.js:944:16
41 verbose statusCode 404
42 verbose pkgid pti
43 verbose cwd /home/eli/RCServer
44 error Linux 3.13.0-91-generic
45 error argv "/usr/bin/node" "/usr/bin/npm" "install" "pti"
46 error node v0.10.46
47 error npm  v2.15.1
48 error code E404
49 error 404 Registry returned 404 for GET on https://registry.npmjs.org/pti
49 error 404
49 error 404 'pti' is not in the npm registry.
49 error 404 You should bug the author to publish it (or use the name yourself!)
49 error 404 It was specified as a dependency of 'TPTServer'
49 error 404
49 error 404 Note that you can also install from a
49 error 404 tarball, folder, http url, or git url.
50 verbose exit [ 1, true ]
